INFO:root:Email sent successfully to Michael Norman at max11@example.com
INFO:root:Email sent successfully to Ryan Short at hparker@example.net
INFO:root:Email sent successfully to Michael Norman at max11@example.com
INFO:root:Email sent successfully to Daniel Walker at michelewillis@example.com
INFO:root:Email sent successfully to Michael Norman at max11@example.com
INFO:root:Email sent successfully to Richard Tucker at shernandez@example.com
INFO:root:Email sent successfully to Ryan Short at hparker@example.net
INFO:root:Email sent successfully to Michael Delgado at quinndebbie@example.net
INFO:root:Email sent successfully to Michael Norman at max11@example.com
INFO:root:Email sent successfully to Ryan Mora at hillkeith@example.org
INFO:root:Email sent successfully to Daniel Walker at michelewillis@example.com
INFO:root:Email sent successfully to Austin Diaz at virginiawilliams@example.com
INFO:root:Email sent successfully to Michael Norman at max11@example.com
INFO:root:Email sent successfully to Ryan Short at hparker@example.net
INFO:root:Email sent successfully to Chelsea Nelson at kylewilson@example.net
INFO:root:Email sent successfully to Richard Tucker at shernandez@example.com
INFO:root:Email sent successfully to Michael Norman at max11@example.com
INFO:root:Email sent successfully to Steve Ponce at itaylor@example.com
INFO:root:Email sent successfully to Daniel Walker at michelewillis@example.com
INFO:root:Email sent successfully to Carol Chapman at uadams@example.com
INFO:root:Email sent successfully to Ryan Short at hparker@example.net
INFO:root:Email sent successfully to Michael Delgado at quinndebbie@example.net
INFO:root:Email sent successfully to Michael Norman at max11@example.com
INFO:root:Email sent successfully to Olivia Richards at jbrennan@example.com
INFO:root:Email sent successfully to Sarah Bright at dcarter@example.com
INFO:root:Email sent successfully to Ryan Mora at hillkeith@example.org
INFO:root:Email sent successfully to Christopher Ward at evansalexa@example.org
INFO:root:Email sent successfully to Richard Tucker at shernandez@example.com
INFO:root:Email sent successfully to Michael Norman at max11@example.com
INFO:root:Email sent successfully to Ryan Short at hparker@example.net
INFO:root:Email sent successfully to Daniel Walker at michelewillis@example.com
INFO:root:Email sent successfully to Dylan Ellis at gary57@example.org
INFO:root:Email sent successfully to Austin Diaz at virginiawilliams@example.com
INFO:root:Email sent successfully to Michael Norman at max11@example.com
INFO:root:Email sent successfully to Dr. Jane Willis at phenry@example.org
INFO:root:Email sent successfully to Tyler Thomas at sethmaldonado@example.net
INFO:root:Email sent successfully to Ryan Short at hparker@example.net
INFO:root:Email sent successfully to Michael Norman at max11@example.com
INFO:root:Email sent successfully to Chelsea Nelson at kylewilson@example.net
INFO:root:Email sent successfully to Daniel Walker at michelewillis@example.com
INFO:root:Email sent successfully to Michael Delgado at quinndebbie@example.net
INFO:root:Email sent successfully to Kristin Ashley at dannybird@example.org
INFO:root:Email sent successfully to Ryan Short at hparker@example.net
INFO:root:Email sent successfully to Richard Tucker at shernandez@example.com
INFO:root:Email sent successfully to Corey Stout at rebecca53@example.org
INFO:root:Email sent successfully to Richard Tucker at shernandez@example.com
INFO:root:Email sent successfully to Michael Delgado at quinndebbie@example.net
INFO:root:Email sent successfully to Desiree Lee at chanalexander@example.org
INFO:root:Email sent successfully to Steve Ponce at itaylor@example.com
INFO:root:Email sent successfully to Ryan Mora at hillkeith@example.org
INFO:root:Email sent successfully to Daniel Walker at michelewillis@example.com
INFO:root:Email sent successfully to Michael Norman at max11@example.com
INFO:root:Email sent successfully to Ryan Mora at hillkeith@example.org
INFO:root:Email sent successfully to Austin Diaz at virginiawilliams@example.com
INFO:root:Email sent successfully to Katherine Reese at otaylor@example.net
INFO:root:Email sent successfully to Amanda Fowler MD at josephnichols@example.net
INFO:root:Email sent successfully to Chelsea Nelson at kylewilson@example.net
INFO:root:Email sent successfully to Carol Chapman at uadams@example.com
